[debug] [2019-09-18T21:26:31.798Z] ----------------------------------------------------------------------
[debug] [2019-09-18T21:26:31.800Z] Command:       C:\Program Files\nodejs\node.exe C:\Users\luiz.silveira\AppData\Roaming\npm\node_modules\firebase-tools\lib\bin\firebase.js deploy
[debug] [2019-09-18T21:26:31.800Z] CLI Version:   7.2.2
[debug] [2019-09-18T21:26:31.801Z] Platform:      win32
[debug] [2019-09-18T21:26:31.801Z] Node Version:  v10.16.0
[debug] [2019-09-18T21:26:31.801Z] Time:          Wed Sep 18 2019 18:26:31 GMT-0300 (GMT-03:00)
[debug] [2019-09-18T21:26:31.801Z] ----------------------------------------------------------------------
[debug] 
[debug] [2019-09-18T21:26:31.810Z] > command requires scopes: ["email","openid","https://www.googleapis.com/auth/cloudplatformprojects.readonly","https://www.googleapis.com/auth/firebase","https://www.googleapis.com/auth/cloud-platform"]
[debug] [2019-09-18T21:26:31.810Z] > authorizing via signed-in user
[debug] [2019-09-18T21:26:31.810Z] [iam] checking project livrocaixapwa for permissions ["cloudfunctions.functions.create","cloudfunctions.functions.delete","cloudfunctions.functions.get","cloudfunctions.functions.list","cloudfunctions.functions.update","cloudfunctions.operations.get","datastore.indexes.create","datastore.indexes.delete","datastore.indexes.list","datastore.indexes.update","firebase.projects.get","firebasedatabase.instances.update","firebasehosting.sites.update","firebaserules.releases.create","firebaserules.releases.update","firebaserules.rulesets.create"]
[debug] [2019-09-18T21:26:31.812Z] >>> HTTP REQUEST POST https://cloudresourcemanager.googleapis.com/v1/projects/livrocaixapwa:testIamPermissions  

[debug] [2019-09-18T21:26:32.837Z] <<< HTTP RESPONSE 200
[debug] [2019-09-18T21:26:32.842Z] >>> HTTP REQUEST GET https://firebase.googleapis.com/v1beta1/projects/livrocaixapwa  
 
[debug] [2019-09-18T21:26:34.283Z] <<< HTTP RESPONSE 200
[info] 
[info] === Deploying to 'livrocaixapwa'...
[info] 
[info] i  deploying database, storage, firestore, functions, hosting
[info] Running command: npm --prefix "$RESOURCE_DIR" run build
[info] +  functions: Finished running predeploy script.
[info] i  database: checking rules syntax...
[debug] [2019-09-18T21:26:42.732Z] >>> HTTP REQUEST PUT https://livrocaixapwa.firebaseio.com/.settings/rules.json?dryRun=true  
 {
  "rules": {
    ".read": "auth != null",
    ".write": "auth != null"
  }
}
[debug] [2019-09-18T21:26:43.685Z] <<< HTTP RESPONSE 200
[info] +  database: rules syntax for database livrocaixapwa is valid
[debug] [2019-09-18T21:26:43.689Z] >>> HTTP REQUEST GET https://appengine.googleapis.com/v1/apps/livrocaixapwa  
 
[debug] [2019-09-18T21:26:45.231Z] <<< HTTP RESPONSE 200
[info] i  storage: checking storage.rules for compilation errors...
[debug] [2019-09-18T21:26:45.233Z] >>> HTTP REQUEST POST https://firebaserules.googleapis.com/v1/projects/livrocaixapwa:test  

[debug] [2019-09-18T21:26:46.340Z] <<< HTTP RESPONSE 200
[info] +  storage: rules file storage.rules compiled successfully
[info] i  firestore: checking firestore.rules for compilation errors...
[info] i  firestore: reading indexes from firestore.indexes.json...
[debug] [2019-09-18T21:26:46.344Z] >>> HTTP REQUEST POST https://firebaserules.googleapis.com/v1/projects/livrocaixapwa:test  

[debug] [2019-09-18T21:26:47.422Z] <<< HTTP RESPONSE 200
[info] +  firestore: rules file firestore.rules compiled successfully
[debug] [2019-09-18T21:26:47.425Z] > [functions] package.json contents: {
  "name": "functions",
  "scripts": {
    "build": "tsc",
    "serve": "npm run build && firebase serve --only functions",
    "shell": "npm run build && firebase functions:shell",
    "start": "npm run shell",
    "deploy": "firebase deploy --only functions",
    "logs": "firebase functions:log"
  },
  "engines": {
    "node": "8"
  },
  "main": "lib/index.js",
  "dependencies": {
    "firebase-admin": "^8.0.0",
    "firebase-functions": "^3.1.0"
  },
  "devDependencies": {
    "typescript": "^3.2.2"
  },
  "private": true
}
[info] i  functions: ensuring necessary APIs are enabled...
[debug] [2019-09-18T21:26:47.426Z] >>> HTTP REQUEST GET https://serviceusage.googleapis.com/v1/projects/livrocaixapwa/services/cloudfunctions.googleapis.com  
 
[debug] [2019-09-18T21:26:47.427Z] >>> HTTP REQUEST GET https://serviceusage.googleapis.com/v1/projects/livrocaixapwa/services/runtimeconfig.googleapis.com  
 
[debug] [2019-09-18T21:26:48.478Z] <<< HTTP RESPONSE 200
[debug] [2019-09-18T21:26:48.825Z] <<< HTTP RESPONSE 200
[info] +  functions: all necessary APIs are enabled
[debug] [2019-09-18T21:26:48.826Z] >>> HTTP REQUEST GET https://firebase.googleapis.com/v1beta1/projects/livrocaixapwa/adminSdkConfig  
 
[debug] [2019-09-18T21:26:49.961Z] <<< HTTP RESPONSE 200
[debug] [2019-09-18T21:26:49.963Z] >>> HTTP REQUEST POST https://firebasehosting.googleapis.com/v1beta1/sites/livrocaixapwa/versions  

[debug] [2019-09-18T21:26:51.466Z] <<< HTTP RESPONSE 200
[info] i  storage: uploading rules storage.rules...
[debug] [2019-09-18T21:26:51.470Z] >>> HTTP REQUEST POST https://firebaserules.googleapis.com/v1/projects/livrocaixapwa/rulesets  

[debug] [2019-09-18T21:26:52.870Z] <<< HTTP RESPONSE 200
[debug] [2019-09-18T21:26:52.871Z] [rules] created ruleset projects/livrocaixapwa/rulesets/8a73539a-e81e-41c0-8d93-80da8e7d0450
[info] i  firestore: uploading rules firestore.rules...
[debug] [2019-09-18T21:26:52.875Z] >>> HTTP REQUEST POST https://firebaserules.googleapis.com/v1/projects/livrocaixapwa/rulesets  

[debug] [2019-09-18T21:26:52.876Z] >>> HTTP REQUEST GET https://firestore.googleapis.com/v1beta2/projects/livrocaixapwa/databases/(default)/collectionGroups/-/indexes  
 
[debug] [2019-09-18T21:26:53.473Z] <<< HTTP RESPONSE 200
[debug] [2019-09-18T21:26:53.474Z] [rules] created ruleset projects/livrocaixapwa/rulesets/17eeaafa-38b0-4a99-a924-ded503b5ac1f
[debug] [2019-09-18T21:26:54.210Z] <<< HTTP RESPONSE 200
[debug] [2019-09-18T21:26:54.211Z] >>> HTTP REQUEST GET https://firestore.googleapis.com/v1beta2/projects/livrocaixapwa/databases/(default)/collectionGroups/-/fields?filter=indexConfig.usesAncestorConfig=false  
 
